<?xml version="1.0" encoding="UTF-8"?>
<!-- Generated by org.testng.reporters.JUnitReportReporter -->
<testsuite hostname="NUTHAN-PC" name="MyTest.LoginTest" tests="1" failures="0" timestamp="13 Jun 2016 14:25:29 GMT" time="6.559" errors="0">
  <testcase name="createNewTask" time="6.559" classname="MyTest.LoginTest"/>
</testsuite> <!-- MyTest.LoginTest -->
