<?xml version="1.0" encoding="UTF-8"?>
<!-- Generated by org.testng.reporters.JUnitReportReporter -->
<testsuite hostname="NUTHAN-PC" name="com.elaineturner.tests.AccountMangmentTest" tests="12" failures="0" timestamp="3 Aug 2016 16:05:03 GMT" time="1345.108" errors="0">
  <testcase name="TC_Account_Management_002" time="7.900" classname="com.elaineturner.tests.AccountMangmentTest"/>
  <testcase name="TC_Account_Mangment_043" time="1053.244" classname="com.elaineturner.tests.AccountMangmentTest"/>
  <testcase name="TC_Account_Management_003" time="3.955" classname="com.elaineturner.tests.AccountMangmentTest"/>
  <testcase name="TC_Account_Mangment_014" time="60.983" classname="com.elaineturner.tests.AccountMangmentTest"/>
  <testcase name="TC_Account_Mangment_008" time="19.320" classname="com.elaineturner.tests.AccountMangmentTest"/>
  <testcase name="TC_Account_Mangment_004" time="23.476" classname="com.elaineturner.tests.AccountMangmentTest"/>
  <testcase name="TC_Account_Mangment_006" time="31.340" classname="com.elaineturner.tests.AccountMangmentTest"/>
  <testcase name="TC_Mangment_001" time="10.140" classname="com.elaineturner.tests.AccountMangmentTest"/>
  <testcase name="TC_Account_Mangment_019" time="88.730" classname="com.elaineturner.tests.AccountMangmentTest"/>
  <testcase name="TC_Account_Mangement_013" time="5.519" classname="com.elaineturner.tests.AccountMangmentTest"/>
  <testcase name="TC_Account_Management_011" time="21.169" classname="com.elaineturner.tests.AccountMangmentTest"/>
  <testcase name="TC_Account_Management_010" time="19.332" classname="com.elaineturner.tests.AccountMangmentTest"/>
</testsuite> <!-- com.elaineturner.tests.AccountMangmentTest -->
